Determining if the pthread_create exist failed with the following output:
Change Dir: /home/erle/selfCode/QuadWS/sandbox/quadController/build/CMakeFiles/CMakeTmp

Run Build Command:"/usr/bin/make" "cmTryCompileExec2934621269/fast"
make[1]: Entering directory '/home/erle/selfCode/QuadWS/sandbox/quadController/build/CMakeFiles/CMakeTmp'
/usr/bin/make -f CMakeFiles/cmTryCompileExec2934621269.dir/build.make CMakeFiles/cmTryCompileExec2934621269.dir/build
make[2]: Entering directory '/home/erle/selfCode/QuadWS/sandbox/quadController/build/CMakeFiles/CMakeTmp'
/usr/bin/cmake -E cmake_progress_report /home/erle/selfCode/QuadWS/sandbox/quadController/build/CMakeFiles/CMakeTmp/CMakeFiles 1
Building C object CMakeFiles/cmTryCompileExec2934621269.dir/CheckSymbolExists.c.o
/usr/bin/cc    -o CMakeFiles/cmTryCompileExec2934621269.dir/CheckSymbolExists.c.o   -c /home/erle/selfCode/QuadWS/sandbox/quadController/build/CMakeFiles/CMakeTmp/CheckSymbolExists.c
Linking C executable cmTryCompileExec2934621269
/usr/bin/cmake -E cmake_link_script CMakeFiles/cmTryCompileExec2934621269.dir/link.txt --verbose=1
/usr/bin/cc       CMakeFiles/cmTryCompileExec2934621269.dir/CheckSymbolExists.c.o  -o cmTryCompileExec2934621269 -rdynamic 
CMakeFiles/cmTryCompileExec2934621269.dir/CheckSymbolExists.c.o: In function `main':
CheckSymbolExists.c:(.text+0x38): undefined reference to `pthread_create'
collect2: error: ld returned 1 exit status
CMakeFiles/cmTryCompileExec2934621269.dir/build.make:88: recipe for target 'cmTryCompileExec2934621269' failed
make[2]: Leaving directory '/home/erle/selfCode/QuadWS/sandbox/quadController/build/CMakeFiles/CMakeTmp'
make[2]: *** [cmTryCompileExec2934621269] Error 1
Makefile:118: recipe for target 'cmTryCompileExec2934621269/fast' failed
make[1]: Leaving directory '/home/erle/selfCode/QuadWS/sandbox/quadController/build/CMakeFiles/CMakeTmp'
make[1]: *** [cmTryCompileExec2934621269/fast] Error 2

File /home/erle/selfCode/QuadWS/sandbox/quadController/build/CMakeFiles/CMakeTmp/CheckSymbolExists.c:
/* */
#include <pthread.h>

int main(int argc, char** argv)
{
  (void)argv;
#ifndef pthread_create
  return ((int*)(&pthread_create))[argc];
#else
  (void)argc;
  return 0;
#endif
}

Determining if the function pthread_create exists in the pthreads failed with the following output:
Change Dir: /home/erle/selfCode/QuadWS/sandbox/quadController/build/CMakeFiles/CMakeTmp

Run Build Command:"/usr/bin/make" "cmTryCompileExec260229735/fast"
make[1]: Entering directory '/home/erle/selfCode/QuadWS/sandbox/quadController/build/CMakeFiles/CMakeTmp'
/usr/bin/make -f CMakeFiles/cmTryCompileExec260229735.dir/build.make CMakeFiles/cmTryCompileExec260229735.dir/build
make[2]: Entering directory '/home/erle/selfCode/QuadWS/sandbox/quadController/build/CMakeFiles/CMakeTmp'
/usr/bin/cmake -E cmake_progress_report /home/erle/selfCode/QuadWS/sandbox/quadController/build/CMakeFiles/CMakeTmp/CMakeFiles 1
Building C object CMakeFiles/cmTryCompileExec260229735.dir/CheckFunctionExists.c.o
/usr/bin/cc   -DCHECK_FUNCTION_EXISTS=pthread_create   -o CMakeFiles/cmTryCompileExec260229735.dir/CheckFunctionExists.c.o   -c /usr/share/cmake-3.0/Modules/CheckFunctionExists.c
Linking C executable cmTryCompileExec260229735
/usr/bin/cmake -E cmake_link_script CMakeFiles/cmTryCompileExec260229735.dir/link.txt --verbose=1
/usr/bin/cc   -DCHECK_FUNCTION_EXISTS=pthread_create    CMakeFiles/cmTryCompileExec260229735.dir/CheckFunctionExists.c.o  -o cmTryCompileExec260229735 -rdynamic -lpthreads 
/usr/bin/ld: cannot find -lpthreads
collect2: error: ld returned 1 exit status
CMakeFiles/cmTryCompileExec260229735.dir/build.make:88: recipe for target 'cmTryCompileExec260229735' failed
make[2]: Leaving directory '/home/erle/selfCode/QuadWS/sandbox/quadController/build/CMakeFiles/CMakeTmp'
make[2]: *** [cmTryCompileExec260229735] Error 1
Makefile:118: recipe for target 'cmTryCompileExec260229735/fast' failed
make[1]: *** [cmTryCompileExec260229735/fast] Error 2
make[1]: Leaving directory '/home/erle/selfCode/QuadWS/sandbox/quadController/build/CMakeFiles/CMakeTmp'


